     1 00000000                                 [FORMAT "WCOFF"]
     2 00000000                                 [INSTRSET "i486p"]
     3 00000000                                 [OPTIMIZE 1]
     4 00000000                                 [OPTION 1]
     5 00000000                                 [BITS 32]
     6 00000000                                 	EXTERN	_load_gdtr
     7 00000000                                 	EXTERN	_load_idtr
     8 00000000                                 	EXTERN	_asm_inthandler21
     9 00000000                                 [FILE "dsctbl.c"]
    10                                          [SECTION .text]
    11 00000000                                 	GLOBAL	_init_gdtidt
    12 00000000                                 _init_gdtidt:
    13 00000000 55                              	PUSH	EBP
    14 00000001 89 E5                           	MOV	EBP,ESP
    15 00000003 56                              	PUSH	ESI
    16 00000004 53                              	PUSH	EBX
    17 00000005 BE 00270000                     	MOV	ESI,2555904
    18 0000000A BB 00001FFF                     	MOV	EBX,8191
    19 0000000F                                 L6:
    20 0000000F 6A 00                           	PUSH	0
    21 00000011 6A 00                           	PUSH	0
    22 00000013 6A 00                           	PUSH	0
    23 00000015 56                              	PUSH	ESI
    24 00000016 83 C6 08                        	ADD	ESI,8
    25 00000019 E8 000000C0                     	CALL	_set_segmdesc
    26 0000001E 83 C4 10                        	ADD	ESP,16
    27 00000021 4B                              	DEC	EBX
    28 00000022 79 EB                           	JNS	L6
    29 00000024 68 00004092                     	PUSH	16530
    30 00000029 BE 0026F800                     	MOV	ESI,2553856
    31 0000002E 6A 00                           	PUSH	0
    32 00000030 BB 000000FF                     	MOV	EBX,255
    33 00000035 6A FF                           	PUSH	-1
    34 00000037 68 00270008                     	PUSH	2555912
    35 0000003C E8 0000009D                     	CALL	_set_segmdesc
    36 00000041 68 0000409A                     	PUSH	16538
    37 00000046 68 00280000                     	PUSH	2621440
    38 0000004B 68 0007FFFF                     	PUSH	524287
    39 00000050 68 00270010                     	PUSH	2555920
    40 00000055 E8 00000084                     	CALL	_set_segmdesc
    41 0000005A 83 C4 20                        	ADD	ESP,32
    42 0000005D 68 00270000                     	PUSH	2555904
    43 00000062 68 0000FFFF                     	PUSH	65535
    44 00000067 E8 [00000000]                   	CALL	_load_gdtr
    45 0000006C 58                              	POP	EAX
    46 0000006D 5A                              	POP	EDX
    47 0000006E                                 L11:
    48 0000006E 6A 00                           	PUSH	0
    49 00000070 6A 00                           	PUSH	0
    50 00000072 6A 00                           	PUSH	0
    51 00000074 56                              	PUSH	ESI
    52 00000075 83 C6 08                        	ADD	ESI,8
    53 00000078 E8 000000AB                     	CALL	_set_gatedesc
    54 0000007D 83 C4 10                        	ADD	ESP,16
    55 00000080 4B                              	DEC	EBX
    56 00000081 79 EB                           	JNS	L11
    57 00000083 68 0026F800                     	PUSH	2553856
    58 00000088 68 000007FF                     	PUSH	2047
    59 0000008D E8 [00000000]                   	CALL	_load_idtr
    60 00000092 68 0000008E                     	PUSH	142
    61 00000097 6A 10                           	PUSH	16
    62 00000099 68 [00000000]                   	PUSH	_asm_inthandler21
    63 0000009E 68 0026F908                     	PUSH	2554120
    64 000000A3 E8 00000080                     	CALL	_set_gatedesc
    65 000000A8 68 0000008E                     	PUSH	142
    66 000000AD 6A 10                           	PUSH	16
    67 000000AF 68 [00000000]                   	PUSH	_asm_inthandler21
    68 000000B4 68 0026F938                     	PUSH	2554168
    69 000000B9 E8 0000006A                     	CALL	_set_gatedesc
    70 000000BE 83 C4 28                        	ADD	ESP,40
    71 000000C1 68 0000008E                     	PUSH	142
    72 000000C6 6A 10                           	PUSH	16
    73 000000C8 68 [00000000]                   	PUSH	_asm_inthandler21
    74 000000CD 68 0026F960                     	PUSH	2554208
    75 000000D2 E8 00000051                     	CALL	_set_gatedesc
    76 000000D7 8D 65 F8                        	LEA	ESP,DWORD [-8+EBP]
    77 000000DA 5B                              	POP	EBX
    78 000000DB 5E                              	POP	ESI
    79 000000DC 5D                              	POP	EBP
    80 000000DD C3                              	RET
    81 000000DE                                 	GLOBAL	_set_segmdesc
    82 000000DE                                 _set_segmdesc:
    83 000000DE 55                              	PUSH	EBP
    84 000000DF 89 E5                           	MOV	EBP,ESP
    85 000000E1 53                              	PUSH	EBX
    86 000000E2 8B 55 0C                        	MOV	EDX,DWORD [12+EBP]
    87 000000E5 8B 4D 10                        	MOV	ECX,DWORD [16+EBP]
    88 000000E8 8B 5D 08                        	MOV	EBX,DWORD [8+EBP]
    89 000000EB 8B 45 14                        	MOV	EAX,DWORD [20+EBP]
    90 000000EE 81 FA 000FFFFF                  	CMP	EDX,1048575
    91 000000F4 76 08                           	JBE	L17
    92 000000F6 C1 EA 0C                        	SHR	EDX,12
    93 000000F9 0D 00008000                     	OR	EAX,32768
    94 000000FE                                 L17:
    95 000000FE 66 89 13                        	MOV	WORD [EBX],DX
    96 00000101 88 43 05                        	MOV	BYTE [5+EBX],AL
    97 00000104 C1 EA 10                        	SHR	EDX,16
    98 00000107 C1 F8 08                        	SAR	EAX,8
    99 0000010A 83 E2 0F                        	AND	EDX,15
   100 0000010D 66 89 4B 02                     	MOV	WORD [2+EBX],CX
   101 00000111 83 E0 F0                        	AND	EAX,-16
   102 00000114 C1 F9 10                        	SAR	ECX,16
   103 00000117 09 C2                           	OR	EDX,EAX
   104 00000119 88 4B 04                        	MOV	BYTE [4+EBX],CL
   105 0000011C 88 53 06                        	MOV	BYTE [6+EBX],DL
   106 0000011F C1 F9 08                        	SAR	ECX,8
   107 00000122 88 4B 07                        	MOV	BYTE [7+EBX],CL
   108 00000125 5B                              	POP	EBX
   109 00000126 5D                              	POP	EBP
   110 00000127 C3                              	RET
   111 00000128                                 	GLOBAL	_set_gatedesc
   112 00000128                                 _set_gatedesc:
   113 00000128 55                              	PUSH	EBP
   114 00000129 89 E5                           	MOV	EBP,ESP
   115 0000012B 53                              	PUSH	EBX
   116 0000012C 8B 55 08                        	MOV	EDX,DWORD [8+EBP]
   117 0000012F 8B 45 10                        	MOV	EAX,DWORD [16+EBP]
   118 00000132 8B 5D 14                        	MOV	EBX,DWORD [20+EBP]
   119 00000135 8B 4D 0C                        	MOV	ECX,DWORD [12+EBP]
   120 00000138 66 89 42 02                     	MOV	WORD [2+EDX],AX
   121 0000013C 88 5A 05                        	MOV	BYTE [5+EDX],BL
   122 0000013F 66 89 0A                        	MOV	WORD [EDX],CX
   123 00000142 89 D8                           	MOV	EAX,EBX
   124 00000144 C1 F8 08                        	SAR	EAX,8
   125 00000147 C1 F9 10                        	SAR	ECX,16
   126 0000014A 88 42 04                        	MOV	BYTE [4+EDX],AL
   127 0000014D 66 89 4A 06                     	MOV	WORD [6+EDX],CX
   128 00000151 5B                              	POP	EBX
   129 00000152 5D                              	POP	EBP
   130 00000153 C3                              	RET
