     1 00000000                                 ; naskfunc
     2 00000000                                 ; TAB=4
     3 00000000                                 
     4 00000000                                 [FORMAT	"WCOFF"] 		;	制作目标文件的模式
     5 00000000                                 [INSTRSET	"i486p"]	; 表明该程序是给486使用的
     6 00000000                                 [BITS	32]						;	制作32位模式用的机械语言
     7 00000000                                 
     8 00000000                                 ; 制作目标文件的信息
     9 00000000                                 [FILE	"naskfunc.nas"]	; 源文件名信息
    10 00000000                                 	GLOBAL	_io_hlt,_write_mem8			; 程序中包含的函数名
    11 00000000                                 
    12 00000000                                 ; 以下是实际的函数
    13                                          [SECTION .text]			; 目标文件中写了这些之后再写程序
    14 00000000                                 
    15 00000000                                 _io_hlt:			; void io_hlt(void);
    16 00000000 F4                              	HLT
    17 00000001 C3                              	RET
    18 00000002                                 
    19 00000002                                 _write_mem8:	; void write_mem(int addr, int data);
    20 00000002 8B 4C 24 04                     	mov	ECX,	[ESP+4]		; [ESP+4] 中存放的是地址，将其读入ECX
    21 00000006 8A 44 24 08                     	mov	AL,		[ESP+8]		;	[ESP+8] 中存放的是数据，将其读入AL
    22 0000000A 88 01                           	mov	[ECX],	AL
    23 0000000C C3                              	RET
