     1 00000000                                 [FORMAT "WCOFF"]
     2 00000000                                 [INSTRSET "i486p"]
     3 00000000                                 [OPTIMIZE 1]
     4 00000000                                 [OPTION 1]
     5 00000000                                 [BITS 32]
     6 00000000                                 	EXTERN	_table_rgb.0
     7 00000000                                 	EXTERN	_io_load_eflags
     8 00000000                                 	EXTERN	_io_cli
     9 00000000                                 	EXTERN	_io_out8
    10 00000000                                 	EXTERN	_io_store_eflags
    11 00000000                                 	EXTERN	_hankaku
    12 00000000                                 [FILE "graphic.c"]
    13                                          [SECTION .data]
    14 00000000                                 _table_rgb.0:
    15 00000000 00                              	DB	0
    16 00000001 00                              	DB	0
    17 00000002 00                              	DB	0
    18 00000003 FF                              	DB	-1
    19 00000004 00                              	DB	0
    20 00000005 00                              	DB	0
    21 00000006 00                              	DB	0
    22 00000007 FF                              	DB	-1
    23 00000008 00                              	DB	0
    24 00000009 FF                              	DB	-1
    25 0000000A FF                              	DB	-1
    26 0000000B 00                              	DB	0
    27 0000000C 00                              	DB	0
    28 0000000D 00                              	DB	0
    29 0000000E FF                              	DB	-1
    30 0000000F FF                              	DB	-1
    31 00000010 00                              	DB	0
    32 00000011 FF                              	DB	-1
    33 00000012 00                              	DB	0
    34 00000013 FF                              	DB	-1
    35 00000014 FF                              	DB	-1
    36 00000015 FF                              	DB	-1
    37 00000016 FF                              	DB	-1
    38 00000017 FF                              	DB	-1
    39 00000018 C6                              	DB	-58
    40 00000019 C6                              	DB	-58
    41 0000001A C6                              	DB	-58
    42 0000001B 84                              	DB	-124
    43 0000001C 00                              	DB	0
    44 0000001D 00                              	DB	0
    45 0000001E 00                              	DB	0
    46 0000001F 84                              	DB	-124
    47 00000020 00                              	DB	0
    48 00000021 84                              	DB	-124
    49 00000022 84                              	DB	-124
    50 00000023 00                              	DB	0
    51 00000024 00                              	DB	0
    52 00000025 00                              	DB	0
    53 00000026 84                              	DB	-124
    54 00000027 84                              	DB	-124
    55 00000028 00                              	DB	0
    56 00000029 84                              	DB	-124
    57 0000002A 00                              	DB	0
    58 0000002B 84                              	DB	-124
    59 0000002C 84                              	DB	-124
    60 0000002D 84                              	DB	-124
    61 0000002E 84                              	DB	-124
    62 0000002F 84                              	DB	-124
    63                                          [SECTION .text]
    64 00000000                                 	GLOBAL	_init_palette
    65 00000000                                 _init_palette:
    66 00000000 55                              	PUSH	EBP
    67 00000001 89 E5                           	MOV	EBP,ESP
    68 00000003 68 [00000000]                   	PUSH	_table_rgb.0
    69 00000008 6A 0F                           	PUSH	15
    70 0000000A 6A 00                           	PUSH	0
    71 0000000C E8 00000002                     	CALL	_set_palette
    72 00000011 C9                              	LEAVE
    73 00000012 C3                              	RET
    74 00000013                                 	GLOBAL	_set_palette
    75 00000013                                 _set_palette:
    76 00000013 55                              	PUSH	EBP
    77 00000014 89 E5                           	MOV	EBP,ESP
    78 00000016 57                              	PUSH	EDI
    79 00000017 56                              	PUSH	ESI
    80 00000018 53                              	PUSH	EBX
    81 00000019 51                              	PUSH	ECX
    82 0000001A 8B 5D 08                        	MOV	EBX,DWORD [8+EBP]
    83 0000001D 8B 7D 0C                        	MOV	EDI,DWORD [12+EBP]
    84 00000020 8B 75 10                        	MOV	ESI,DWORD [16+EBP]
    85 00000023 E8 [00000000]                   	CALL	_io_load_eflags
    86 00000028 89 45 F0                        	MOV	DWORD [-16+EBP],EAX
    87 0000002B E8 [00000000]                   	CALL	_io_cli
    88 00000030 53                              	PUSH	EBX
    89 00000031 68 000003C8                     	PUSH	968
    90 00000036 E8 [00000000]                   	CALL	_io_out8
    91 0000003B 39 FB                           	CMP	EBX,EDI
    92 0000003D 58                              	POP	EAX
    93 0000003E 5A                              	POP	EDX
    94 0000003F 7E 12                           	JLE	L7
    95 00000041                                 L9:
    96 00000041 8B 45 F0                        	MOV	EAX,DWORD [-16+EBP]
    97 00000044 89 45 08                        	MOV	DWORD [8+EBP],EAX
    98 00000047 8D 65 F4                        	LEA	ESP,DWORD [-12+EBP]
    99 0000004A 5B                              	POP	EBX
   100 0000004B 5E                              	POP	ESI
   101 0000004C 5F                              	POP	EDI
   102 0000004D 5D                              	POP	EBP
   103 0000004E E9 [00000000]                   	JMP	_io_store_eflags
   104 00000053                                 L7:
   105 00000053 8A 06                           	MOV	AL,BYTE [ESI]
   106 00000055 43                              	INC	EBX
   107 00000056 C0 E8 02                        	SHR	AL,2
   108 00000059 0F B6 C0                        	MOVZX	EAX,AL
   109 0000005C 50                              	PUSH	EAX
   110 0000005D 68 000003C9                     	PUSH	969
   111 00000062 E8 [00000000]                   	CALL	_io_out8
   112 00000067 8A 46 01                        	MOV	AL,BYTE [1+ESI]
   113 0000006A C0 E8 02                        	SHR	AL,2
   114 0000006D 0F B6 C0                        	MOVZX	EAX,AL
   115 00000070 50                              	PUSH	EAX
   116 00000071 68 000003C9                     	PUSH	969
   117 00000076 E8 [00000000]                   	CALL	_io_out8
   118 0000007B 8A 46 02                        	MOV	AL,BYTE [2+ESI]
   119 0000007E C0 E8 02                        	SHR	AL,2
   120 00000081 83 C6 03                        	ADD	ESI,3
   121 00000084 0F B6 C0                        	MOVZX	EAX,AL
   122 00000087 50                              	PUSH	EAX
   123 00000088 68 000003C9                     	PUSH	969
   124 0000008D E8 [00000000]                   	CALL	_io_out8
   125 00000092 83 C4 18                        	ADD	ESP,24
   126 00000095 39 FB                           	CMP	EBX,EDI
   127 00000097 7E BA                           	JLE	L7
   128 00000099 EB A6                           	JMP	L9
   129 0000009B                                 	GLOBAL	_init_screen
   130 0000009B                                 _init_screen:
   131 0000009B 55                              	PUSH	EBP
   132 0000009C 89 E5                           	MOV	EBP,ESP
   133 0000009E 57                              	PUSH	EDI
   134 0000009F 56                              	PUSH	ESI
   135 000000A0 53                              	PUSH	EBX
   136 000000A1 83 EC 0C                        	SUB	ESP,12
   137 000000A4 8B 45 10                        	MOV	EAX,DWORD [16+EBP]
   138 000000A7 8B 7D 0C                        	MOV	EDI,DWORD [12+EBP]
   139 000000AA 83 E8 1D                        	SUB	EAX,29
   140 000000AD 4F                              	DEC	EDI
   141 000000AE 50                              	PUSH	EAX
   142 000000AF 57                              	PUSH	EDI
   143 000000B0 6A 00                           	PUSH	0
   144 000000B2 6A 00                           	PUSH	0
   145 000000B4 6A 0E                           	PUSH	14
   146 000000B6 FF 75 0C                        	PUSH	DWORD [12+EBP]
   147 000000B9 FF 75 08                        	PUSH	DWORD [8+EBP]
   148 000000BC E8 00000165                     	CALL	_boxfill8
   149 000000C1 8B 45 10                        	MOV	EAX,DWORD [16+EBP]
   150 000000C4 83 E8 1C                        	SUB	EAX,28
   151 000000C7 50                              	PUSH	EAX
   152 000000C8 57                              	PUSH	EDI
   153 000000C9 50                              	PUSH	EAX
   154 000000CA 6A 00                           	PUSH	0
   155 000000CC 6A 08                           	PUSH	8
   156 000000CE FF 75 0C                        	PUSH	DWORD [12+EBP]
   157 000000D1 FF 75 08                        	PUSH	DWORD [8+EBP]
   158 000000D4 E8 0000014D                     	CALL	_boxfill8
   159 000000D9 8B 45 10                        	MOV	EAX,DWORD [16+EBP]
   160 000000DC 83 C4 38                        	ADD	ESP,56
   161 000000DF 83 E8 1B                        	SUB	EAX,27
   162 000000E2 50                              	PUSH	EAX
   163 000000E3 57                              	PUSH	EDI
   164 000000E4 50                              	PUSH	EAX
   165 000000E5 6A 00                           	PUSH	0
   166 000000E7 6A 07                           	PUSH	7
   167 000000E9 FF 75 0C                        	PUSH	DWORD [12+EBP]
   168 000000EC FF 75 08                        	PUSH	DWORD [8+EBP]
   169 000000EF E8 00000132                     	CALL	_boxfill8
   170 000000F4 8B 45 10                        	MOV	EAX,DWORD [16+EBP]
   171 000000F7 48                              	DEC	EAX
   172 000000F8 50                              	PUSH	EAX
   173 000000F9 8B 45 10                        	MOV	EAX,DWORD [16+EBP]
   174 000000FC 57                              	PUSH	EDI
   175 000000FD 83 E8 1A                        	SUB	EAX,26
   176 00000100 50                              	PUSH	EAX
   177 00000101 6A 00                           	PUSH	0
   178 00000103 6A 08                           	PUSH	8
   179 00000105 FF 75 0C                        	PUSH	DWORD [12+EBP]
   180 00000108 FF 75 08                        	PUSH	DWORD [8+EBP]
   181 0000010B E8 00000116                     	CALL	_boxfill8
   182 00000110 8B 75 10                        	MOV	ESI,DWORD [16+EBP]
   183 00000113 83 C4 38                        	ADD	ESP,56
   184 00000116 83 EE 18                        	SUB	ESI,24
   185 00000119 56                              	PUSH	ESI
   186 0000011A 6A 3B                           	PUSH	59
   187 0000011C 56                              	PUSH	ESI
   188 0000011D 6A 03                           	PUSH	3
   189 0000011F 6A 07                           	PUSH	7
   190 00000121 FF 75 0C                        	PUSH	DWORD [12+EBP]
   191 00000124 FF 75 08                        	PUSH	DWORD [8+EBP]
   192 00000127 E8 000000FA                     	CALL	_boxfill8
   193 0000012C 8B 45 10                        	MOV	EAX,DWORD [16+EBP]
   194 0000012F 83 E8 04                        	SUB	EAX,4
   195 00000132 50                              	PUSH	EAX
   196 00000133 89 45 F0                        	MOV	DWORD [-16+EBP],EAX
   197 00000136 6A 02                           	PUSH	2
   198 00000138 56                              	PUSH	ESI
   199 00000139 6A 02                           	PUSH	2
   200 0000013B 6A 07                           	PUSH	7
   201 0000013D FF 75 0C                        	PUSH	DWORD [12+EBP]
   202 00000140 FF 75 08                        	PUSH	DWORD [8+EBP]
   203 00000143 E8 000000DE                     	CALL	_boxfill8
   204 00000148 83 C4 38                        	ADD	ESP,56
   205 0000014B FF 75 F0                        	PUSH	DWORD [-16+EBP]
   206 0000014E 6A 3B                           	PUSH	59
   207 00000150 FF 75 F0                        	PUSH	DWORD [-16+EBP]
   208 00000153 6A 03                           	PUSH	3
   209 00000155 6A 0F                           	PUSH	15
   210 00000157 FF 75 0C                        	PUSH	DWORD [12+EBP]
   211 0000015A FF 75 08                        	PUSH	DWORD [8+EBP]
   212 0000015D E8 000000C4                     	CALL	_boxfill8
   213 00000162 8B 45 10                        	MOV	EAX,DWORD [16+EBP]
   214 00000165 83 E8 05                        	SUB	EAX,5
   215 00000168 50                              	PUSH	EAX
   216 00000169 8B 45 10                        	MOV	EAX,DWORD [16+EBP]
   217 0000016C 6A 3B                           	PUSH	59
   218 0000016E 83 E8 17                        	SUB	EAX,23
   219 00000171 50                              	PUSH	EAX
   220 00000172 89 45 EC                        	MOV	DWORD [-20+EBP],EAX
   221 00000175 6A 3B                           	PUSH	59
   222 00000177 6A 0F                           	PUSH	15
   223 00000179 FF 75 0C                        	PUSH	DWORD [12+EBP]
   224 0000017C FF 75 08                        	PUSH	DWORD [8+EBP]
   225 0000017F E8 000000A2                     	CALL	_boxfill8
   226 00000184 8B 45 10                        	MOV	EAX,DWORD [16+EBP]
   227 00000187 83 C4 38                        	ADD	ESP,56
   228 0000018A 83 E8 03                        	SUB	EAX,3
   229 0000018D 89 45 E8                        	MOV	DWORD [-24+EBP],EAX
   230 00000190 50                              	PUSH	EAX
   231 00000191 6A 3B                           	PUSH	59
   232 00000193 50                              	PUSH	EAX
   233 00000194 6A 02                           	PUSH	2
   234 00000196 6A 00                           	PUSH	0
   235 00000198 FF 75 0C                        	PUSH	DWORD [12+EBP]
   236 0000019B FF 75 08                        	PUSH	DWORD [8+EBP]
   237 0000019E E8 00000083                     	CALL	_boxfill8
   238 000001A3 FF 75 E8                        	PUSH	DWORD [-24+EBP]
   239 000001A6 6A 3C                           	PUSH	60
   240 000001A8 56                              	PUSH	ESI
   241 000001A9 6A 3C                           	PUSH	60
   242 000001AB 6A 00                           	PUSH	0
   243 000001AD FF 75 0C                        	PUSH	DWORD [12+EBP]
   244 000001B0 FF 75 08                        	PUSH	DWORD [8+EBP]
   245 000001B3 E8 0000006E                     	CALL	_boxfill8
   246 000001B8 8B 7D 0C                        	MOV	EDI,DWORD [12+EBP]
   247 000001BB 83 C4 38                        	ADD	ESP,56
   248 000001BE 8B 5D 0C                        	MOV	EBX,DWORD [12+EBP]
   249 000001C1 83 EB 04                        	SUB	EBX,4
   250 000001C4 83 EF 2F                        	SUB	EDI,47
   251 000001C7 56                              	PUSH	ESI
   252 000001C8 53                              	PUSH	EBX
   253 000001C9 56                              	PUSH	ESI
   254 000001CA 57                              	PUSH	EDI
   255 000001CB 6A 0F                           	PUSH	15
   256 000001CD FF 75 0C                        	PUSH	DWORD [12+EBP]
   257 000001D0 FF 75 08                        	PUSH	DWORD [8+EBP]
   258 000001D3 E8 0000004E                     	CALL	_boxfill8
   259 000001D8 FF 75 F0                        	PUSH	DWORD [-16+EBP]
   260 000001DB 57                              	PUSH	EDI
   261 000001DC FF 75 EC                        	PUSH	DWORD [-20+EBP]
   262 000001DF 57                              	PUSH	EDI
   263 000001E0 6A 0F                           	PUSH	15
   264 000001E2 FF 75 0C                        	PUSH	DWORD [12+EBP]
   265 000001E5 FF 75 08                        	PUSH	DWORD [8+EBP]
   266 000001E8 E8 00000039                     	CALL	_boxfill8
   267 000001ED 83 C4 38                        	ADD	ESP,56
   268 000001F0 FF 75 E8                        	PUSH	DWORD [-24+EBP]
   269 000001F3 53                              	PUSH	EBX
   270 000001F4 FF 75 E8                        	PUSH	DWORD [-24+EBP]
   271 000001F7 57                              	PUSH	EDI
   272 000001F8 6A 07                           	PUSH	7
   273 000001FA FF 75 0C                        	PUSH	DWORD [12+EBP]
   274 000001FD FF 75 08                        	PUSH	DWORD [8+EBP]
   275 00000200 E8 00000021                     	CALL	_boxfill8
   276 00000205 8B 45 0C                        	MOV	EAX,DWORD [12+EBP]
   277 00000208 FF 75 E8                        	PUSH	DWORD [-24+EBP]
   278 0000020B 83 E8 03                        	SUB	EAX,3
   279 0000020E 50                              	PUSH	EAX
   280 0000020F 56                              	PUSH	ESI
   281 00000210 50                              	PUSH	EAX
   282 00000211 6A 07                           	PUSH	7
   283 00000213 FF 75 0C                        	PUSH	DWORD [12+EBP]
   284 00000216 FF 75 08                        	PUSH	DWORD [8+EBP]
   285 00000219 E8 00000008                     	CALL	_boxfill8
   286 0000021E 8D 65 F4                        	LEA	ESP,DWORD [-12+EBP]
   287 00000221 5B                              	POP	EBX
   288 00000222 5E                              	POP	ESI
   289 00000223 5F                              	POP	EDI
   290 00000224 5D                              	POP	EBP
   291 00000225 C3                              	RET
   292 00000226                                 	GLOBAL	_boxfill8
   293 00000226                                 _boxfill8:
   294 00000226 55                              	PUSH	EBP
   295 00000227 89 E5                           	MOV	EBP,ESP
   296 00000229 57                              	PUSH	EDI
   297 0000022A 56                              	PUSH	ESI
   298 0000022B 53                              	PUSH	EBX
   299 0000022C 57                              	PUSH	EDI
   300 0000022D 57                              	PUSH	EDI
   301 0000022E 8A 45 10                        	MOV	AL,BYTE [16+EBP]
   302 00000231 8B 4D 18                        	MOV	ECX,DWORD [24+EBP]
   303 00000234 8B 7D 1C                        	MOV	EDI,DWORD [28+EBP]
   304 00000237 88 45 F3                        	MOV	BYTE [-13+EBP],AL
   305 0000023A 3B 4D 20                        	CMP	ECX,DWORD [32+EBP]
   306 0000023D 7F 31                           	JG	L23
   307 0000023F 8B 5D 0C                        	MOV	EBX,DWORD [12+EBP]
   308 00000242 0F AF D9                        	IMUL	EBX,ECX
   309 00000245                                 L21:
   310 00000245 8B 55 14                        	MOV	EDX,DWORD [20+EBP]
   311 00000248 39 FA                           	CMP	EDX,EDI
   312 0000024A 7F 1B                           	JG	L25
   313 0000024C 8B 75 08                        	MOV	ESI,DWORD [8+EBP]
   314 0000024F 01 DE                           	ADD	ESI,EBX
   315 00000251 01 D6                           	ADD	ESI,EDX
   316 00000253 89 75 EC                        	MOV	DWORD [-20+EBP],ESI
   317 00000256                                 L20:
   318 00000256 8B 75 EC                        	MOV	ESI,DWORD [-20+EBP]
   319 00000259 8A 45 F3                        	MOV	AL,BYTE [-13+EBP]
   320 0000025C 42                              	INC	EDX
   321 0000025D 88 06                           	MOV	BYTE [ESI],AL
   322 0000025F 46                              	INC	ESI
   323 00000260 89 75 EC                        	MOV	DWORD [-20+EBP],ESI
   324 00000263 39 FA                           	CMP	EDX,EDI
   325 00000265 7E EF                           	JLE	L20
   326 00000267                                 L25:
   327 00000267 41                              	INC	ECX
   328 00000268 03 5D 0C                        	ADD	EBX,DWORD [12+EBP]
   329 0000026B 3B 4D 20                        	CMP	ECX,DWORD [32+EBP]
   330 0000026E 7E D5                           	JLE	L21
   331 00000270                                 L23:
   332 00000270 5B                              	POP	EBX
   333 00000271 5E                              	POP	ESI
   334 00000272 5B                              	POP	EBX
   335 00000273 5E                              	POP	ESI
   336 00000274 5F                              	POP	EDI
   337 00000275 5D                              	POP	EBP
   338 00000276 C3                              	RET
   339                                          [SECTION .data]
   340 00000030                                 _cursor.1:
   341 00000030 2A 2A 2A 2A 2A 2A 2A 2A 2A 2A   	DB	"**************.."
       0000003A 2A 2A 2A 2A 2E 2E 
   342 00000040 2A 4F 4F 4F 4F 4F 4F 4F 4F 4F   	DB	"*OOOOOOOOOOO*..."
       0000004A 4F 4F 2A 2E 2E 2E 
   343 00000050 2A 4F 4F 4F 4F 4F 4F 4F 4F 4F   	DB	"*OOOOOOOOOO*...."
       0000005A 4F 2A 2E 2E 2E 2E 
   344 00000060 2A 4F 4F 4F 4F 4F 4F 4F 4F 4F   	DB	"*OOOOOOOOO*....."
       0000006A 2A 2E 2E 2E 2E 2E 
   345 00000070 2A 4F 4F 4F 4F 4F 4F 4F 4F 2A   	DB	"*OOOOOOOO*......"
       0000007A 2E 2E 2E 2E 2E 2E 
   346 00000080 2A 4F 4F 4F 4F 4F 4F 4F 2A 2E   	DB	"*OOOOOOO*......."
       0000008A 2E 2E 2E 2E 2E 2E 
   347 00000090 2A 4F 4F 4F 4F 4F 4F 4F 2A 2E   	DB	"*OOOOOOO*......."
       0000009A 2E 2E 2E 2E 2E 2E 
   348 000000A0 2A 4F 4F 4F 4F 4F 4F 4F 4F 2A   	DB	"*OOOOOOOO*......"
       000000AA 2E 2E 2E 2E 2E 2E 
   349 000000B0 2A 4F 4F 4F 4F 2A 2A 4F 4F 4F   	DB	"*OOOO**OOO*....."
       000000BA 2A 2E 2E 2E 2E 2E 
   350 000000C0 2A 4F 4F 4F 2A 2E 2E 2A 4F 4F   	DB	"*OOO*..*OOO*...."
       000000CA 4F 2A 2E 2E 2E 2E 
   351 000000D0 2A 4F 4F 2A 2E 2E 2E 2E 2A 4F   	DB	"*OO*....*OOO*..."
       000000DA 4F 4F 2A 2E 2E 2E 
   352 000000E0 2A 4F 2A 2E 2E 2E 2E 2E 2E 2A   	DB	"*O*......*OOO*.."
       000000EA 4F 4F 4F 2A 2E 2E 
   353 000000F0 2A 2A 2E 2E 2E 2E 2E 2E 2E 2E   	DB	"**........*OOO*."
       000000FA 2A 4F 4F 4F 2A 2E 
   354 00000100 2A 2E 2E 2E 2E 2E 2E 2E 2E 2E   	DB	"*..........*OOO*"
       0000010A 2E 2A 4F 4F 4F 2A 
   355 00000110 2E 2E 2E 2E 2E 2E 2E 2E 2E 2E   	DB	"............*OO*"
       0000011A 2E 2E 2A 4F 4F 2A 
   356 00000120 2E 2E 2E 2E 2E 2E 2E 2E 2E 2E   	DB	".............***"
       0000012A 2E 2E 2E 2A 2A 2A 
   357                                          [SECTION .text]
   358 00000277                                 	GLOBAL	_init_mouse_cursor8
   359 00000277                                 _init_mouse_cursor8:
   360 00000277 55                              	PUSH	EBP
   361 00000278 89 E5                           	MOV	EBP,ESP
   362 0000027A 57                              	PUSH	EDI
   363 0000027B 56                              	PUSH	ESI
   364 0000027C 31 FF                           	XOR	EDI,EDI
   365 0000027E 53                              	PUSH	EBX
   366 0000027F 31 DB                           	XOR	EBX,EBX
   367 00000281 50                              	PUSH	EAX
   368 00000282 8A 45 0C                        	MOV	AL,BYTE [12+EBP]
   369 00000285 8B 75 08                        	MOV	ESI,DWORD [8+EBP]
   370 00000288 88 45 F3                        	MOV	BYTE [-13+EBP],AL
   371 0000028B                                 L39:
   372 0000028B 31 D2                           	XOR	EDX,EDX
   373 0000028D                                 L38:
   374 0000028D 8D 04 3A                        	LEA	EAX,DWORD [EDX+EDI*1]
   375 00000290 80 B8 [00000030] 2A             	CMP	BYTE [_cursor.1+EAX],42
   376 00000297 74 35                           	JE	L44
   377 00000299                                 L35:
   378 00000299 80 B8 [00000030] 4F             	CMP	BYTE [_cursor.1+EAX],79
   379 000002A0 74 26                           	JE	L45
   380 000002A2                                 L36:
   381 000002A2 80 B8 [00000030] 2E             	CMP	BYTE [_cursor.1+EAX],46
   382 000002A9 74 15                           	JE	L46
   383 000002AB                                 L33:
   384 000002AB 42                              	INC	EDX
   385 000002AC 83 FA 0F                        	CMP	EDX,15
   386 000002AF 7E DC                           	JLE	L38
   387 000002B1 43                              	INC	EBX
   388 000002B2 83 C7 10                        	ADD	EDI,16
   389 000002B5 83 FB 0F                        	CMP	EBX,15
   390 000002B8 7E D1                           	JLE	L39
   391 000002BA 58                              	POP	EAX
   392 000002BB 5B                              	POP	EBX
   393 000002BC 5E                              	POP	ESI
   394 000002BD 5F                              	POP	EDI
   395 000002BE 5D                              	POP	EBP
   396 000002BF C3                              	RET
   397 000002C0                                 L46:
   398 000002C0 8A 4D F3                        	MOV	CL,BYTE [-13+EBP]
   399 000002C3 88 0C 30                        	MOV	BYTE [EAX+ESI*1],CL
   400 000002C6 EB E3                           	JMP	L33
   401 000002C8                                 L45:
   402 000002C8 C6 04 30 07                     	MOV	BYTE [EAX+ESI*1],7
   403 000002CC EB D4                           	JMP	L36
   404 000002CE                                 L44:
   405 000002CE C6 04 30 00                     	MOV	BYTE [EAX+ESI*1],0
   406 000002D2 EB C5                           	JMP	L35
   407 000002D4                                 	GLOBAL	_putfonts8_asc
   408 000002D4                                 _putfonts8_asc:
   409 000002D4 55                              	PUSH	EBP
   410 000002D5 89 E5                           	MOV	EBP,ESP
   411 000002D7 57                              	PUSH	EDI
   412 000002D8 56                              	PUSH	ESI
   413 000002D9 53                              	PUSH	EBX
   414 000002DA 50                              	PUSH	EAX
   415 000002DB 8B 5D 1C                        	MOV	EBX,DWORD [28+EBP]
   416 000002DE 8A 45 18                        	MOV	AL,BYTE [24+EBP]
   417 000002E1 88 45 F3                        	MOV	BYTE [-13+EBP],AL
   418 000002E4 8B 75 10                        	MOV	ESI,DWORD [16+EBP]
   419 000002E7 8B 7D 14                        	MOV	EDI,DWORD [20+EBP]
   420 000002EA 80 3B 00                        	CMP	BYTE [EBX],0
   421 000002ED 75 08                           	JNE	L52
   422 000002EF                                 L54:
   423 000002EF 8D 65 F4                        	LEA	ESP,DWORD [-12+EBP]
   424 000002F2 5B                              	POP	EBX
   425 000002F3 5E                              	POP	ESI
   426 000002F4 5F                              	POP	EDI
   427 000002F5 5D                              	POP	EBP
   428 000002F6 C3                              	RET
   429 000002F7                                 L52:
   430 000002F7 0F B6 03                        	MOVZX	EAX,BYTE [EBX]
   431 000002FA C1 E0 04                        	SAL	EAX,4
   432 000002FD 43                              	INC	EBX
   433 000002FE 05 [00000000]                   	ADD	EAX,_hankaku
   434 00000303 50                              	PUSH	EAX
   435 00000304 0F BE 45 F3                     	MOVSX	EAX,BYTE [-13+EBP]
   436 00000308 50                              	PUSH	EAX
   437 00000309 57                              	PUSH	EDI
   438 0000030A 56                              	PUSH	ESI
   439 0000030B 83 C6 08                        	ADD	ESI,8
   440 0000030E FF 75 0C                        	PUSH	DWORD [12+EBP]
   441 00000311 FF 75 08                        	PUSH	DWORD [8+EBP]
   442 00000314 E8 0000000A                     	CALL	_putfont8
   443 00000319 83 C4 18                        	ADD	ESP,24
   444 0000031C 80 3B 00                        	CMP	BYTE [EBX],0
   445 0000031F 75 D6                           	JNE	L52
   446 00000321 EB CC                           	JMP	L54
   447 00000323                                 	GLOBAL	_putfont8
   448 00000323                                 _putfont8:
   449 00000323 55                              	PUSH	EBP
   450 00000324 89 E5                           	MOV	EBP,ESP
   451 00000326 57                              	PUSH	EDI
   452 00000327 56                              	PUSH	ESI
   453 00000328 31 F6                           	XOR	ESI,ESI
   454 0000032A 53                              	PUSH	EBX
   455 0000032B 8B 7D 1C                        	MOV	EDI,DWORD [28+EBP]
   456 0000032E 8A 5D 18                        	MOV	BL,BYTE [24+EBP]
   457 00000331                                 L68:
   458 00000331 8B 45 14                        	MOV	EAX,DWORD [20+EBP]
   459 00000334 8B 55 10                        	MOV	EDX,DWORD [16+EBP]
   460 00000337 01 F0                           	ADD	EAX,ESI
   461 00000339 0F AF 45 0C                     	IMUL	EAX,DWORD [12+EBP]
   462 0000033D 03 45 08                        	ADD	EAX,DWORD [8+EBP]
   463 00000340 8D 0C 02                        	LEA	ECX,DWORD [EDX+EAX*1]
   464 00000343 8A 14 3E                        	MOV	DL,BYTE [ESI+EDI*1]
   465 00000346 84 D2                           	TEST	DL,DL
   466 00000348 79 02                           	JNS	L60
   467 0000034A 88 19                           	MOV	BYTE [ECX],BL
   468 0000034C                                 L60:
   469 0000034C 88 D0                           	MOV	AL,DL
   470 0000034E 83 E0 40                        	AND	EAX,64
   471 00000351 84 C0                           	TEST	AL,AL
   472 00000353 74 03                           	JE	L61
   473 00000355 88 59 01                        	MOV	BYTE [1+ECX],BL
   474 00000358                                 L61:
   475 00000358 88 D0                           	MOV	AL,DL
   476 0000035A 83 E0 20                        	AND	EAX,32
   477 0000035D 84 C0                           	TEST	AL,AL
   478 0000035F 74 03                           	JE	L62
   479 00000361 88 59 02                        	MOV	BYTE [2+ECX],BL
   480 00000364                                 L62:
   481 00000364 88 D0                           	MOV	AL,DL
   482 00000366 83 E0 10                        	AND	EAX,16
   483 00000369 84 C0                           	TEST	AL,AL
   484 0000036B 74 03                           	JE	L63
   485 0000036D 88 59 03                        	MOV	BYTE [3+ECX],BL
   486 00000370                                 L63:
   487 00000370 88 D0                           	MOV	AL,DL
   488 00000372 83 E0 08                        	AND	EAX,8
   489 00000375 84 C0                           	TEST	AL,AL
   490 00000377 74 03                           	JE	L64
   491 00000379 88 59 04                        	MOV	BYTE [4+ECX],BL
   492 0000037C                                 L64:
   493 0000037C 88 D0                           	MOV	AL,DL
   494 0000037E 83 E0 04                        	AND	EAX,4
   495 00000381 84 C0                           	TEST	AL,AL
   496 00000383 74 03                           	JE	L65
   497 00000385 88 59 05                        	MOV	BYTE [5+ECX],BL
   498 00000388                                 L65:
   499 00000388 88 D0                           	MOV	AL,DL
   500 0000038A 83 E0 02                        	AND	EAX,2
   501 0000038D 84 C0                           	TEST	AL,AL
   502 0000038F 74 03                           	JE	L66
   503 00000391 88 59 06                        	MOV	BYTE [6+ECX],BL
   504 00000394                                 L66:
   505 00000394 83 E2 01                        	AND	EDX,1
   506 00000397 84 D2                           	TEST	DL,DL
   507 00000399 74 03                           	JE	L58
   508 0000039B 88 59 07                        	MOV	BYTE [7+ECX],BL
   509 0000039E                                 L58:
   510 0000039E 46                              	INC	ESI
   511 0000039F 83 FE 0F                        	CMP	ESI,15
   512 000003A2 7E 8D                           	JLE	L68
   513 000003A4 5B                              	POP	EBX
   514 000003A5 5E                              	POP	ESI
   515 000003A6 5F                              	POP	EDI
   516 000003A7 5D                              	POP	EBP
   517 000003A8 C3                              	RET
   518 000003A9                                 	GLOBAL	_putblock8_8
   519 000003A9                                 _putblock8_8:
   520 000003A9 55                              	PUSH	EBP
   521 000003AA 89 E5                           	MOV	EBP,ESP
   522 000003AC 57                              	PUSH	EDI
   523 000003AD 56                              	PUSH	ESI
   524 000003AE 31 F6                           	XOR	ESI,ESI
   525 000003B0 53                              	PUSH	EBX
   526 000003B1 83 EC 0C                        	SUB	ESP,12
   527 000003B4 3B 75 14                        	CMP	ESI,DWORD [20+EBP]
   528 000003B7 7D 3E                           	JGE	L83
   529 000003B9 31 FF                           	XOR	EDI,EDI
   530 000003BB                                 L81:
   531 000003BB 31 DB                           	XOR	EBX,EBX
   532 000003BD 3B 5D 10                        	CMP	EBX,DWORD [16+EBP]
   533 000003C0 7D 2C                           	JGE	L85
   534 000003C2 8B 45 20                        	MOV	EAX,DWORD [32+EBP]
   535 000003C5 01 F8                           	ADD	EAX,EDI
   536 000003C7 89 45 EC                        	MOV	DWORD [-20+EBP],EAX
   537 000003CA                                 L80:
   538 000003CA 8B 45 1C                        	MOV	EAX,DWORD [28+EBP]
   539 000003CD 8B 55 18                        	MOV	EDX,DWORD [24+EBP]
   540 000003D0 01 F0                           	ADD	EAX,ESI
   541 000003D2 01 DA                           	ADD	EDX,EBX
   542 000003D4 0F AF 45 0C                     	IMUL	EAX,DWORD [12+EBP]
   543 000003D8 01 D0                           	ADD	EAX,EDX
   544 000003DA 8B 4D 08                        	MOV	ECX,DWORD [8+EBP]
   545 000003DD 8B 55 EC                        	MOV	EDX,DWORD [-20+EBP]
   546 000003E0 43                              	INC	EBX
   547 000003E1 8A 12                           	MOV	DL,BYTE [EDX]
   548 000003E3 88 14 08                        	MOV	BYTE [EAX+ECX*1],DL
   549 000003E6 FF 45 EC                        	INC	DWORD [-20+EBP]
   550 000003E9 3B 5D 10                        	CMP	EBX,DWORD [16+EBP]
   551 000003EC 7C DC                           	JL	L80
   552 000003EE                                 L85:
   553 000003EE 46                              	INC	ESI
   554 000003EF 03 7D 24                        	ADD	EDI,DWORD [36+EBP]
   555 000003F2 3B 75 14                        	CMP	ESI,DWORD [20+EBP]
   556 000003F5 7C C4                           	JL	L81
   557 000003F7                                 L83:
   558 000003F7 83 C4 0C                        	ADD	ESP,12
   559 000003FA 5B                              	POP	EBX
   560 000003FB 5E                              	POP	ESI
   561 000003FC 5F                              	POP	EDI
   562 000003FD 5D                              	POP	EBP
   563 000003FE C3                              	RET
